2025-10-06 18:21:52,044 - experiment_fog_classification_basic_features - INFO - Experiment 'fog_classification_basic_features' initialized
2025-10-06 18:21:52,044 - experiment_fog_classification_basic_features - INFO - Experiment directory: /home/tsy/Documents/TeamM_Defog/kpro-dehaze/experiments/fog_classification_basic_features_20251006_182152
2025-10-06 18:21:52,044 - experiment_fog_classification_basic_features - INFO - 🚀 Starting Multi-Dataset Fog Gaussian Classification Experiment
2025-10-06 18:21:52,044 - experiment_fog_classification_basic_features - INFO - ============================================================
2025-10-06 18:21:52,044 - experiment_fog_classification_basic_features - INFO - DATASET PREPARATION
2025-10-06 18:21:52,044 - experiment_fog_classification_basic_features - INFO - ============================================================
2025-10-06 18:24:06,724 - experiment_fog_classification_basic_features - INFO - Dataset info logged: 244 datasets
2025-10-06 18:24:07,344 - experiment_fog_classification_basic_features - INFO - Feature selection mode: manual
2025-10-06 18:24:07,344 - experiment_fog_classification_basic_features - INFO - Using manual feature selection: 3 features specified
2025-10-06 18:24:07,344 - experiment_fog_classification_basic_features - INFO - Feature validation: 3 valid, 0 missing
2025-10-06 18:24:07,344 - experiment_fog_classification_basic_features - INFO - Selected 3 features: ['scale_x', 'scale_y', 'scale_z']...
2025-10-06 18:24:07,345 - experiment_fog_classification_basic_features - INFO - Feature selection info saved to /home/tsy/Documents/TeamM_Defog/kpro-dehaze/experiments/fog_classification_basic_features_20251006_182152/results/feature_selection_info.json
2025-10-06 18:24:07,680 - experiment_fog_classification_basic_features - INFO - Applying feature normalization...
2025-10-06 18:24:09,645 - experiment_fog_classification_basic_features - INFO - ============================================================
2025-10-06 18:24:09,645 - experiment_fog_classification_basic_features - INFO - LIGHTGBM CLASSIFICATION
2025-10-06 18:24:09,651 - experiment_fog_classification_basic_features - INFO - ============================================================
2025-10-06 18:24:09,651 - experiment_fog_classification_basic_features - INFO - Started training LightGBM
2025-10-06 18:24:09,651 - experiment_fog_classification_basic_features - INFO - Current params: n_estimators=100, learning_rate=0.05, max_depth=-1, num_leaves=31
2025-10-06 18:29:36,728 - experiment_fog_classification_basic_features - INFO - Current params: n_estimators=100, learning_rate=0.05, max_depth=-1, num_leaves=63
2025-10-06 18:36:50,032 - experiment_fog_classification_basic_features - INFO - Current params: n_estimators=100, learning_rate=0.05, max_depth=-1, num_leaves=127
2025-10-06 18:46:15,105 - experiment_fog_classification_basic_features - INFO - Current params: n_estimators=100, learning_rate=0.05, max_depth=10, num_leaves=31
2025-10-06 18:51:40,654 - experiment_fog_classification_basic_features - INFO - Current params: n_estimators=100, learning_rate=0.05, max_depth=10, num_leaves=63
2025-10-06 18:58:58,849 - experiment_fog_classification_basic_features - INFO - Current params: n_estimators=100, learning_rate=0.05, max_depth=10, num_leaves=127
2025-10-06 19:08:03,535 - experiment_fog_classification_basic_features - INFO - Current params: n_estimators=100, learning_rate=0.05, max_depth=20, num_leaves=31
2025-10-06 19:13:34,453 - experiment_fog_classification_basic_features - INFO - Current params: n_estimators=100, learning_rate=0.05, max_depth=20, num_leaves=63
2025-10-06 19:21:04,167 - experiment_fog_classification_basic_features - INFO - Current params: n_estimators=100, learning_rate=0.05, max_depth=20, num_leaves=127
2025-10-06 19:30:18,377 - experiment_fog_classification_basic_features - INFO - Current params: n_estimators=100, learning_rate=0.1, max_depth=-1, num_leaves=31
2025-10-06 19:35:14,441 - experiment_fog_classification_basic_features - INFO - Current params: n_estimators=100, learning_rate=0.1, max_depth=-1, num_leaves=63
2025-10-06 19:42:31,857 - experiment_fog_classification_basic_features - INFO - Current params: n_estimators=100, learning_rate=0.1, max_depth=-1, num_leaves=127
2025-10-06 19:51:04,601 - experiment_fog_classification_basic_features - INFO - Current params: n_estimators=100, learning_rate=0.1, max_depth=10, num_leaves=31
2025-10-06 19:55:29,389 - experiment_fog_classification_basic_features - INFO - Current params: n_estimators=100, learning_rate=0.1, max_depth=10, num_leaves=63
2025-10-06 20:03:04,096 - experiment_fog_classification_basic_features - INFO - Current params: n_estimators=100, learning_rate=0.1, max_depth=10, num_leaves=127
2025-10-06 20:11:47,430 - experiment_fog_classification_basic_features - INFO - Current params: n_estimators=100, learning_rate=0.1, max_depth=20, num_leaves=31
2025-10-06 20:16:11,832 - experiment_fog_classification_basic_features - INFO - Current params: n_estimators=100, learning_rate=0.1, max_depth=20, num_leaves=63
2025-10-06 20:23:47,646 - experiment_fog_classification_basic_features - INFO - Current params: n_estimators=100, learning_rate=0.1, max_depth=20, num_leaves=127
2025-10-06 20:32:38,067 - experiment_fog_classification_basic_features - INFO - Current params: n_estimators=100, learning_rate=0.15, max_depth=-1, num_leaves=31
2025-10-06 20:36:21,011 - experiment_fog_classification_basic_features - INFO - Current params: n_estimators=100, learning_rate=0.15, max_depth=-1, num_leaves=63
2025-10-06 20:43:16,874 - experiment_fog_classification_basic_features - INFO - Current params: n_estimators=100, learning_rate=0.15, max_depth=-1, num_leaves=127
2025-10-06 20:51:24,720 - experiment_fog_classification_basic_features - INFO - Current params: n_estimators=100, learning_rate=0.15, max_depth=10, num_leaves=31
2025-10-06 20:55:04,698 - experiment_fog_classification_basic_features - INFO - Current params: n_estimators=100, learning_rate=0.15, max_depth=10, num_leaves=63
2025-10-06 21:02:09,236 - experiment_fog_classification_basic_features - INFO - Current params: n_estimators=100, learning_rate=0.15, max_depth=10, num_leaves=127
2025-10-06 21:10:27,088 - experiment_fog_classification_basic_features - INFO - Current params: n_estimators=100, learning_rate=0.15, max_depth=20, num_leaves=31
2025-10-06 21:14:14,569 - experiment_fog_classification_basic_features - INFO - Current params: n_estimators=100, learning_rate=0.15, max_depth=20, num_leaves=63
2025-10-06 21:21:04,657 - experiment_fog_classification_basic_features - INFO - Current params: n_estimators=100, learning_rate=0.15, max_depth=20, num_leaves=127
2025-10-06 21:29:01,736 - experiment_fog_classification_basic_features - INFO - Current params: n_estimators=200, learning_rate=0.05, max_depth=-1, num_leaves=31
2025-10-06 21:37:58,439 - experiment_fog_classification_basic_features - INFO - Current params: n_estimators=200, learning_rate=0.05, max_depth=-1, num_leaves=63
2025-10-06 21:52:36,614 - experiment_fog_classification_basic_features - INFO - Current params: n_estimators=200, learning_rate=0.05, max_depth=-1, num_leaves=127
2025-10-06 22:09:43,629 - experiment_fog_classification_basic_features - INFO - Current params: n_estimators=200, learning_rate=0.05, max_depth=10, num_leaves=31
2025-10-06 22:17:49,945 - experiment_fog_classification_basic_features - INFO - Current params: n_estimators=200, learning_rate=0.05, max_depth=10, num_leaves=63
2025-10-06 22:32:54,634 - experiment_fog_classification_basic_features - INFO - Current params: n_estimators=200, learning_rate=0.05, max_depth=10, num_leaves=127
2025-10-06 22:50:55,306 - experiment_fog_classification_basic_features - INFO - Current params: n_estimators=200, learning_rate=0.05, max_depth=20, num_leaves=31
2025-10-06 22:58:47,319 - experiment_fog_classification_basic_features - INFO - Current params: n_estimators=200, learning_rate=0.05, max_depth=20, num_leaves=63
2025-10-06 23:14:02,400 - experiment_fog_classification_basic_features - INFO - Current params: n_estimators=200, learning_rate=0.05, max_depth=20, num_leaves=127
2025-10-06 23:32:11,342 - experiment_fog_classification_basic_features - INFO - Current params: n_estimators=200, learning_rate=0.1, max_depth=-1, num_leaves=31
2025-10-06 23:38:47,208 - experiment_fog_classification_basic_features - INFO - Current params: n_estimators=200, learning_rate=0.1, max_depth=-1, num_leaves=63
2025-10-06 23:51:34,157 - experiment_fog_classification_basic_features - INFO - Current params: n_estimators=200, learning_rate=0.1, max_depth=-1, num_leaves=127
2025-10-07 00:06:35,507 - experiment_fog_classification_basic_features - INFO - Current params: n_estimators=200, learning_rate=0.1, max_depth=10, num_leaves=31
2025-10-07 00:12:53,707 - experiment_fog_classification_basic_features - INFO - Current params: n_estimators=200, learning_rate=0.1, max_depth=10, num_leaves=63
2025-10-07 00:24:51,675 - experiment_fog_classification_basic_features - INFO - Current params: n_estimators=200, learning_rate=0.1, max_depth=10, num_leaves=127
2025-10-07 00:40:35,298 - experiment_fog_classification_basic_features - INFO - Current params: n_estimators=200, learning_rate=0.1, max_depth=20, num_leaves=31
2025-10-07 00:47:13,037 - experiment_fog_classification_basic_features - INFO - Current params: n_estimators=200, learning_rate=0.1, max_depth=20, num_leaves=63
2025-10-07 00:58:58,318 - experiment_fog_classification_basic_features - INFO - Current params: n_estimators=200, learning_rate=0.1, max_depth=20, num_leaves=127
2025-10-07 01:13:40,752 - experiment_fog_classification_basic_features - INFO - Current params: n_estimators=200, learning_rate=0.15, max_depth=-1, num_leaves=31
2025-10-07 01:19:33,194 - experiment_fog_classification_basic_features - INFO - Current params: n_estimators=200, learning_rate=0.15, max_depth=-1, num_leaves=63
2025-10-07 01:28:55,995 - experiment_fog_classification_basic_features - INFO - Current params: n_estimators=200, learning_rate=0.15, max_depth=-1, num_leaves=127
2025-10-07 01:41:09,631 - experiment_fog_classification_basic_features - INFO - Current params: n_estimators=200, learning_rate=0.15, max_depth=10, num_leaves=31
2025-10-07 01:47:28,271 - experiment_fog_classification_basic_features - INFO - Current params: n_estimators=200, learning_rate=0.15, max_depth=10, num_leaves=63
2025-10-07 01:56:42,439 - experiment_fog_classification_basic_features - INFO - Current params: n_estimators=200, learning_rate=0.15, max_depth=10, num_leaves=127
2025-10-07 02:09:54,356 - experiment_fog_classification_basic_features - INFO - Current params: n_estimators=200, learning_rate=0.15, max_depth=20, num_leaves=31
2025-10-07 02:16:29,539 - experiment_fog_classification_basic_features - INFO - Current params: n_estimators=200, learning_rate=0.15, max_depth=20, num_leaves=63
2025-10-07 02:25:28,965 - experiment_fog_classification_basic_features - INFO - Current params: n_estimators=200, learning_rate=0.15, max_depth=20, num_leaves=127
2025-10-07 02:38:08,483 - experiment_fog_classification_basic_features - INFO - Current params: n_estimators=300, learning_rate=0.05, max_depth=-1, num_leaves=31
2025-10-07 02:50:16,831 - experiment_fog_classification_basic_features - INFO - Current params: n_estimators=300, learning_rate=0.05, max_depth=-1, num_leaves=63
2025-10-07 03:07:59,988 - experiment_fog_classification_basic_features - INFO - Current params: n_estimators=300, learning_rate=0.05, max_depth=-1, num_leaves=127
2025-10-07 03:32:24,808 - experiment_fog_classification_basic_features - INFO - Current params: n_estimators=300, learning_rate=0.05, max_depth=10, num_leaves=31
2025-10-07 03:44:22,261 - experiment_fog_classification_basic_features - INFO - Current params: n_estimators=300, learning_rate=0.05, max_depth=10, num_leaves=63
2025-10-07 04:03:05,993 - experiment_fog_classification_basic_features - INFO - Current params: n_estimators=300, learning_rate=0.05, max_depth=10, num_leaves=127
2025-10-07 04:28:51,983 - experiment_fog_classification_basic_features - INFO - Current params: n_estimators=300, learning_rate=0.05, max_depth=20, num_leaves=31
2025-10-07 04:40:55,325 - experiment_fog_classification_basic_features - INFO - Current params: n_estimators=300, learning_rate=0.05, max_depth=20, num_leaves=63
2025-10-07 04:59:04,893 - experiment_fog_classification_basic_features - INFO - Current params: n_estimators=300, learning_rate=0.05, max_depth=20, num_leaves=127
2025-10-07 05:24:12,733 - experiment_fog_classification_basic_features - INFO - Current params: n_estimators=300, learning_rate=0.1, max_depth=-1, num_leaves=31
2025-10-07 05:33:48,768 - experiment_fog_classification_basic_features - INFO - Current params: n_estimators=300, learning_rate=0.1, max_depth=-1, num_leaves=63
2025-10-07 05:48:35,691 - experiment_fog_classification_basic_features - INFO - Current params: n_estimators=300, learning_rate=0.1, max_depth=-1, num_leaves=127
2025-10-07 06:07:55,503 - experiment_fog_classification_basic_features - INFO - Current params: n_estimators=300, learning_rate=0.1, max_depth=10, num_leaves=31
2025-10-07 06:17:05,366 - experiment_fog_classification_basic_features - INFO - Current params: n_estimators=300, learning_rate=0.1, max_depth=10, num_leaves=63
2025-10-07 06:31:38,389 - experiment_fog_classification_basic_features - INFO - Current params: n_estimators=300, learning_rate=0.1, max_depth=10, num_leaves=127
2025-10-07 06:50:43,637 - experiment_fog_classification_basic_features - INFO - Current params: n_estimators=300, learning_rate=0.1, max_depth=20, num_leaves=31
2025-10-07 07:00:42,053 - experiment_fog_classification_basic_features - INFO - Current params: n_estimators=300, learning_rate=0.1, max_depth=20, num_leaves=63
2025-10-07 07:15:08,011 - experiment_fog_classification_basic_features - INFO - Current params: n_estimators=300, learning_rate=0.1, max_depth=20, num_leaves=127
2025-10-07 07:33:26,366 - experiment_fog_classification_basic_features - INFO - Current params: n_estimators=300, learning_rate=0.15, max_depth=-1, num_leaves=31
2025-10-07 07:41:40,238 - experiment_fog_classification_basic_features - INFO - Current params: n_estimators=300, learning_rate=0.15, max_depth=-1, num_leaves=63
2025-10-07 07:53:39,703 - experiment_fog_classification_basic_features - INFO - Current params: n_estimators=300, learning_rate=0.15, max_depth=-1, num_leaves=127
2025-10-07 08:10:51,947 - experiment_fog_classification_basic_features - INFO - Current params: n_estimators=300, learning_rate=0.15, max_depth=10, num_leaves=31
2025-10-07 08:18:23,281 - experiment_fog_classification_basic_features - INFO - Current params: n_estimators=300, learning_rate=0.15, max_depth=10, num_leaves=63
2025-10-07 08:30:14,408 - experiment_fog_classification_basic_features - INFO - Current params: n_estimators=300, learning_rate=0.15, max_depth=10, num_leaves=127
2025-10-07 08:47:59,618 - experiment_fog_classification_basic_features - INFO - Current params: n_estimators=300, learning_rate=0.15, max_depth=20, num_leaves=31
2025-10-07 08:55:48,715 - experiment_fog_classification_basic_features - INFO - Current params: n_estimators=300, learning_rate=0.15, max_depth=20, num_leaves=63
2025-10-07 09:07:33,282 - experiment_fog_classification_basic_features - INFO - Current params: n_estimators=300, learning_rate=0.15, max_depth=20, num_leaves=127
2025-10-07 09:23:58,567 - experiment_fog_classification_basic_features - INFO - Best LightGBM parameters: {'n_estimators': 100, 'learning_rate': 0.05, 'max_depth': -1, 'num_leaves': 63}
2025-10-07 09:23:58,568 - experiment_fog_classification_basic_features - INFO - Best CV score: 0.9823
2025-10-07 09:25:22,369 - experiment_fog_classification_basic_features - INFO - Model LightGBM evaluated - Accuracy: 0.9823, F1: 0.3607, AUC: 0.9627208315940867
2025-10-07 09:25:26,856 - experiment_fog_classification_basic_features - INFO - Model LightGBM evaluated - Accuracy: 0.9822, F1: 0.3577, AUC: 0.9624146138266445
2025-10-07 09:25:35,839 - experiment_fog_classification_basic_features - INFO - Model LightGBM evaluated - Accuracy: 0.9823, F1: 0.3591, AUC: 0.9623948164652155
2025-10-07 09:25:37,528 - experiment_fog_classification_basic_features - INFO - Confusion matrix plot saved: /home/tsy/Documents/TeamM_Defog/kpro-dehaze/experiments/fog_classification_basic_features_20251006_182152/plots/LightGBM_confusion_matrix.png
2025-10-07 09:25:41,091 - experiment_fog_classification_basic_features - INFO - ROC curve plot saved: /home/tsy/Documents/TeamM_Defog/kpro-dehaze/experiments/fog_classification_basic_features_20251006_182152/plots/LightGBM_roc_curve.png
2025-10-07 09:25:42,708 - experiment_fog_classification_basic_features - INFO - PR curve plot saved: /home/tsy/Documents/TeamM_Defog/kpro-dehaze/experiments/fog_classification_basic_features_20251006_182152/plots/LightGBM_pr_curve.png
2025-10-07 09:25:42,716 - experiment_fog_classification_basic_features - INFO - Model LightGBM saved to /home/tsy/Documents/TeamM_Defog/kpro-dehaze/experiments/fog_classification_basic_features_20251006_182152/models/LightGBM_model.pkl
2025-10-07 09:25:42,716 - experiment_fog_classification_basic_features - INFO - Finished training LightGBM
2025-10-07 09:25:42,717 - experiment_fog_classification_basic_features - INFO - Results saved to /home/tsy/Documents/TeamM_Defog/kpro-dehaze/experiments/fog_classification_basic_features_20251006_182152/results/results_summary.csv
2025-10-07 09:25:42,989 - experiment_fog_classification_basic_features - INFO - Model comparison plot saved: /home/tsy/Documents/TeamM_Defog/kpro-dehaze/experiments/fog_classification_basic_features_20251006_182152/plots/model_comparison_accuracy.png
2025-10-07 09:25:43,270 - experiment_fog_classification_basic_features - INFO - Model comparison plot saved: /home/tsy/Documents/TeamM_Defog/kpro-dehaze/experiments/fog_classification_basic_features_20251006_182152/plots/model_comparison_f1.png
2025-10-07 09:25:43,581 - experiment_fog_classification_basic_features - INFO - Model comparison plot saved: /home/tsy/Documents/TeamM_Defog/kpro-dehaze/experiments/fog_classification_basic_features_20251006_182152/plots/model_comparison_auc.png
2025-10-07 09:25:43,583 - experiment_fog_classification_basic_features - ERROR - Failed to create experiment report: Invalid format specifier
2025-10-07 09:25:43,583 - experiment_fog_classification_basic_features - INFO - Experiment 'fog_classification_basic_features' finalized
2025-10-07 09:25:43,583 - experiment_fog_classification_basic_features - INFO - Results available in: /home/tsy/Documents/TeamM_Defog/kpro-dehaze/experiments/fog_classification_basic_features_20251006_182152
