2025-09-20 15:49:03,463 - experiment_fog_classification_neighborhood_features - INFO - Experiment 'fog_classification_neighborhood_features' initialized
2025-09-20 15:49:03,464 - experiment_fog_classification_neighborhood_features - INFO - Experiment directory: /home/tsy/Documents/TeamM_Defog/kpro-dehaze/experiments/fog_classification_neighborhood_features_20250920_154903
2025-09-20 15:49:03,464 - experiment_fog_classification_neighborhood_features - INFO - 🚀 Starting Multi-Dataset Fog Gaussian Classification Experiment
2025-09-20 15:49:03,464 - experiment_fog_classification_neighborhood_features - INFO - ============================================================
2025-09-20 15:49:03,464 - experiment_fog_classification_neighborhood_features - INFO - DATASET PREPARATION
2025-09-20 15:49:03,464 - experiment_fog_classification_neighborhood_features - INFO - ============================================================
2025-09-20 15:51:25,038 - experiment_fog_classification_neighborhood_features - INFO - Dataset info logged: 244 datasets
2025-09-20 15:51:27,778 - experiment_fog_classification_neighborhood_features - INFO - Feature selection mode: manual
2025-09-20 15:51:27,778 - experiment_fog_classification_neighborhood_features - INFO - Using manual feature selection: 27 features specified
2025-09-20 15:51:27,778 - experiment_fog_classification_neighborhood_features - INFO - Feature validation: 27 valid, 0 missing
2025-09-20 15:51:27,778 - experiment_fog_classification_neighborhood_features - INFO - Selected 27 features: ['f_dc_0', 'f_dc_1', 'f_dc_2', 'scale_x', 'scale_y', 'scale_z', 'opacity', 'knn_10_mean_distance', 'knn_10_std_distance', 'knn_10_max_distance']...
2025-09-20 15:51:27,778 - experiment_fog_classification_neighborhood_features - INFO - Feature selection info saved to /home/tsy/Documents/TeamM_Defog/kpro-dehaze/experiments/fog_classification_neighborhood_features_20250920_154903/results/feature_selection_info.json
2025-09-20 15:51:29,480 - experiment_fog_classification_neighborhood_features - INFO - ============================================================
2025-09-20 15:51:29,480 - experiment_fog_classification_neighborhood_features - INFO - LIGHTGBM CLASSIFICATION
2025-09-20 15:51:29,480 - experiment_fog_classification_neighborhood_features - INFO - ============================================================
2025-09-20 15:51:29,480 - experiment_fog_classification_neighborhood_features - INFO - Started training LightGBM
2025-09-20 15:51:29,480 - experiment_fog_classification_neighborhood_features - INFO - Current params: n_estimators=100, learning_rate=0.05, max_depth=-1, num_leaves=31
2025-09-20 15:54:19,571 - experiment_fog_classification_neighborhood_features - INFO - Current params: n_estimators=200, learning_rate=0.1, max_depth=10, num_leaves=63
2025-09-20 16:00:21,705 - experiment_fog_classification_neighborhood_features - INFO - Current params: n_estimators=300, learning_rate=0.15, max_depth=20, num_leaves=127
2025-09-20 16:10:37,110 - experiment_fog_classification_neighborhood_features - INFO - Best LightGBM parameters: {'n_estimators': 200, 'learning_rate': 0.1, 'max_depth': 10, 'num_leaves': 63}
2025-09-20 16:10:37,110 - experiment_fog_classification_neighborhood_features - INFO - Best CV score: 0.9979
2025-09-20 16:12:41,302 - experiment_fog_classification_neighborhood_features - INFO - Model LightGBM evaluated - Accuracy: 0.9982, F1: 0.9325, AUC: 0.9994911702506788
2025-09-20 16:12:46,259 - experiment_fog_classification_neighborhood_features - INFO - Model LightGBM evaluated - Accuracy: 0.9981, F1: 0.9291, AUC: 0.9993464823991403
2025-09-20 16:12:56,150 - experiment_fog_classification_neighborhood_features - INFO - Model LightGBM evaluated - Accuracy: 0.9981, F1: 0.9296, AUC: 0.9993149169807354
2025-09-20 16:12:57,673 - experiment_fog_classification_neighborhood_features - INFO - Confusion matrix plot saved: /home/tsy/Documents/TeamM_Defog/kpro-dehaze/experiments/fog_classification_neighborhood_features_20250920_154903/plots/LightGBM_confusion_matrix.png
2025-09-20 16:12:59,819 - experiment_fog_classification_neighborhood_features - INFO - ROC curve plot saved: /home/tsy/Documents/TeamM_Defog/kpro-dehaze/experiments/fog_classification_neighborhood_features_20250920_154903/plots/LightGBM_roc_curve.png
2025-09-20 16:13:02,693 - experiment_fog_classification_neighborhood_features - INFO - PR curve plot saved: /home/tsy/Documents/TeamM_Defog/kpro-dehaze/experiments/fog_classification_neighborhood_features_20250920_154903/plots/LightGBM_pr_curve.png
2025-09-20 16:13:02,701 - experiment_fog_classification_neighborhood_features - INFO - Model LightGBM saved to /home/tsy/Documents/TeamM_Defog/kpro-dehaze/experiments/fog_classification_neighborhood_features_20250920_154903/models/LightGBM_model.pkl
2025-09-20 16:13:02,701 - experiment_fog_classification_neighborhood_features - INFO - Finished training LightGBM
2025-09-20 16:13:02,701 - experiment_fog_classification_neighborhood_features - INFO - ============================================================
2025-09-20 16:13:02,701 - experiment_fog_classification_neighborhood_features - INFO - DEEP LEARNING CLASSIFICATION
2025-09-20 16:13:02,701 - experiment_fog_classification_neighborhood_features - INFO - ============================================================
2025-09-20 16:13:04,342 - experiment_fog_classification_neighborhood_features - INFO - Training DL_MLP...
2025-09-20 16:13:04,342 - experiment_fog_classification_neighborhood_features - INFO - Started training DL_MLP
2025-09-21 03:07:59,170 - experiment_fog_classification_neighborhood_features - INFO - Model DL_MLP evaluated - Accuracy: 0.9972, F1: 0.8903, AUC: 0.4998541352515874
2025-09-21 03:08:54,141 - experiment_fog_classification_neighborhood_features - INFO - Model DL_MLP evaluated - Accuracy: 0.9972, F1: 0.8905, AUC: 0.9986953666355014
2025-09-21 03:08:56,895 - experiment_fog_classification_neighborhood_features - INFO - Confusion matrix plot saved: /home/tsy/Documents/TeamM_Defog/kpro-dehaze/experiments/fog_classification_neighborhood_features_20250920_154903/plots/DL_MLP_confusion_matrix.png
2025-09-21 03:09:01,552 - experiment_fog_classification_neighborhood_features - INFO - ROC curve plot saved: /home/tsy/Documents/TeamM_Defog/kpro-dehaze/experiments/fog_classification_neighborhood_features_20250920_154903/plots/DL_MLP_roc_curve.png
2025-09-21 03:09:04,865 - experiment_fog_classification_neighborhood_features - INFO - PR curve plot saved: /home/tsy/Documents/TeamM_Defog/kpro-dehaze/experiments/fog_classification_neighborhood_features_20250920_154903/plots/DL_MLP_pr_curve.png
2025-09-21 03:09:05,109 - experiment_fog_classification_neighborhood_features - INFO - Training history plot saved: /home/tsy/Documents/TeamM_Defog/kpro-dehaze/experiments/fog_classification_neighborhood_features_20250920_154903/plots/DL_MLP_training_history.png
2025-09-21 03:09:05,123 - experiment_fog_classification_neighborhood_features - INFO - Model DL_MLP saved to /home/tsy/Documents/TeamM_Defog/kpro-dehaze/experiments/fog_classification_neighborhood_features_20250920_154903/models/DL_MLP_model.pkl
2025-09-21 03:09:05,124 - experiment_fog_classification_neighborhood_features - INFO - Finished training DL_MLP
2025-09-21 03:09:05,124 - experiment_fog_classification_neighborhood_features - INFO - Training DL_TRANSFORMER...
2025-09-21 03:09:05,124 - experiment_fog_classification_neighborhood_features - INFO - Started training DL_TRANSFORMER
2025-09-21 08:12:42,233 - experiment_fog_classification_neighborhood_features - WARNING - Could not compute AUC for DL_TRANSFORMER: Input contains NaN.
2025-09-21 08:12:49,446 - experiment_fog_classification_neighborhood_features - INFO - Model DL_TRANSFORMER evaluated - Accuracy: 0.9866, F1: 0.0000, AUC: nan
2025-09-21 08:13:56,758 - experiment_fog_classification_neighborhood_features - WARNING - Could not compute AUC for DL_TRANSFORMER: Input contains NaN.
2025-09-21 08:13:58,821 - experiment_fog_classification_neighborhood_features - INFO - Model DL_TRANSFORMER evaluated - Accuracy: 0.9866, F1: 0.0000, AUC: nan
2025-09-21 08:14:01,556 - experiment_fog_classification_neighborhood_features - INFO - Confusion matrix plot saved: /home/tsy/Documents/TeamM_Defog/kpro-dehaze/experiments/fog_classification_neighborhood_features_20250920_154903/plots/DL_TRANSFORMER_confusion_matrix.png
2025-09-21 08:14:01,950 - experiment_fog_classification_neighborhood_features - ERROR - Failed to create ROC curve for DL_TRANSFORMER: Input contains NaN.
2025-09-21 08:14:02,347 - experiment_fog_classification_neighborhood_features - ERROR - Failed to create PR curve for DL_TRANSFORMER: Input contains NaN.
2025-09-21 08:14:02,625 - experiment_fog_classification_neighborhood_features - INFO - Training history plot saved: /home/tsy/Documents/TeamM_Defog/kpro-dehaze/experiments/fog_classification_neighborhood_features_20250920_154903/plots/DL_TRANSFORMER_training_history.png
2025-09-21 08:14:02,633 - experiment_fog_classification_neighborhood_features - INFO - Model DL_TRANSFORMER saved to /home/tsy/Documents/TeamM_Defog/kpro-dehaze/experiments/fog_classification_neighborhood_features_20250920_154903/models/DL_TRANSFORMER_model.pkl
2025-09-21 08:14:02,633 - experiment_fog_classification_neighborhood_features - INFO - Finished training DL_TRANSFORMER
2025-09-21 08:14:02,851 - experiment_fog_classification_neighborhood_features - INFO - Results saved to /home/tsy/Documents/TeamM_Defog/kpro-dehaze/experiments/fog_classification_neighborhood_features_20250920_154903/results/results_summary.csv
2025-09-21 08:14:03,023 - experiment_fog_classification_neighborhood_features - INFO - Model comparison plot saved: /home/tsy/Documents/TeamM_Defog/kpro-dehaze/experiments/fog_classification_neighborhood_features_20250920_154903/plots/model_comparison_accuracy.png
2025-09-21 08:14:03,186 - experiment_fog_classification_neighborhood_features - INFO - Model comparison plot saved: /home/tsy/Documents/TeamM_Defog/kpro-dehaze/experiments/fog_classification_neighborhood_features_20250920_154903/plots/model_comparison_f1.png
2025-09-21 08:14:03,350 - experiment_fog_classification_neighborhood_features - INFO - Model comparison plot saved: /home/tsy/Documents/TeamM_Defog/kpro-dehaze/experiments/fog_classification_neighborhood_features_20250920_154903/plots/model_comparison_auc.png
2025-09-21 08:14:03,351 - experiment_fog_classification_neighborhood_features - ERROR - Failed to create experiment report: Invalid format specifier
2025-09-21 08:14:03,351 - experiment_fog_classification_neighborhood_features - INFO - Experiment 'fog_classification_neighborhood_features' finalized
2025-09-21 08:14:03,351 - experiment_fog_classification_neighborhood_features - INFO - Results available in: /home/tsy/Documents/TeamM_Defog/kpro-dehaze/experiments/fog_classification_neighborhood_features_20250920_154903
