2025-10-07 11:24:09,241 - experiment_fog_classification_basic_features - INFO - Experiment 'fog_classification_basic_features' initialized
2025-10-07 11:24:09,241 - experiment_fog_classification_basic_features - INFO - Experiment directory: /home/tsy/Documents/TeamM_Defog/kpro-dehaze/experiments/fog_classification_basic_features_20251007_112409
2025-10-07 11:24:09,241 - experiment_fog_classification_basic_features - INFO - 🚀 Starting Multi-Dataset Fog Gaussian Classification Experiment
2025-10-07 11:24:09,241 - experiment_fog_classification_basic_features - INFO - ============================================================
2025-10-07 11:24:09,241 - experiment_fog_classification_basic_features - INFO - DATASET PREPARATION
2025-10-07 11:24:09,241 - experiment_fog_classification_basic_features - INFO - ============================================================
2025-10-07 11:26:24,320 - experiment_fog_classification_basic_features - INFO - Dataset info logged: 244 datasets
2025-10-07 11:26:24,943 - experiment_fog_classification_basic_features - INFO - Feature selection mode: manual
2025-10-07 11:26:24,944 - experiment_fog_classification_basic_features - INFO - Using manual feature selection: 4 features specified
2025-10-07 11:26:24,944 - experiment_fog_classification_basic_features - INFO - Feature validation: 4 valid, 0 missing
2025-10-07 11:26:24,944 - experiment_fog_classification_basic_features - INFO - Selected 4 features: ['scale_x', 'scale_y', 'scale_z', 'opacity']...
2025-10-07 11:26:24,944 - experiment_fog_classification_basic_features - INFO - Feature selection info saved to /home/tsy/Documents/TeamM_Defog/kpro-dehaze/experiments/fog_classification_basic_features_20251007_112409/results/feature_selection_info.json
2025-10-07 11:26:25,473 - experiment_fog_classification_basic_features - INFO - ============================================================
2025-10-07 11:26:25,473 - experiment_fog_classification_basic_features - INFO - LIGHTGBM CLASSIFICATION
2025-10-07 11:26:25,473 - experiment_fog_classification_basic_features - INFO - ============================================================
2025-10-07 11:26:25,473 - experiment_fog_classification_basic_features - INFO - Started training LightGBM
2025-10-07 11:26:25,473 - experiment_fog_classification_basic_features - INFO - Current params: n_estimators=100, learning_rate=0.05, max_depth=-1, num_leaves=31
2025-10-07 11:31:41,970 - experiment_fog_classification_basic_features - INFO - Current params: n_estimators=100, learning_rate=0.05, max_depth=-1, num_leaves=63
2025-10-07 11:38:35,193 - experiment_fog_classification_basic_features - INFO - Current params: n_estimators=100, learning_rate=0.05, max_depth=-1, num_leaves=127
2025-10-07 11:47:46,550 - experiment_fog_classification_basic_features - INFO - Current params: n_estimators=100, learning_rate=0.05, max_depth=10, num_leaves=31
2025-10-07 11:53:06,130 - experiment_fog_classification_basic_features - INFO - Current params: n_estimators=100, learning_rate=0.05, max_depth=10, num_leaves=63
2025-10-07 12:00:06,749 - experiment_fog_classification_basic_features - INFO - Current params: n_estimators=100, learning_rate=0.05, max_depth=10, num_leaves=127
2025-10-07 12:09:17,201 - experiment_fog_classification_basic_features - INFO - Current params: n_estimators=100, learning_rate=0.05, max_depth=20, num_leaves=31
2025-10-07 12:14:32,505 - experiment_fog_classification_basic_features - INFO - Current params: n_estimators=100, learning_rate=0.05, max_depth=20, num_leaves=63
2025-10-07 12:21:46,908 - experiment_fog_classification_basic_features - INFO - Current params: n_estimators=100, learning_rate=0.05, max_depth=20, num_leaves=127
2025-10-07 12:30:57,426 - experiment_fog_classification_basic_features - INFO - Current params: n_estimators=100, learning_rate=0.1, max_depth=-1, num_leaves=31
2025-10-07 12:35:36,452 - experiment_fog_classification_basic_features - INFO - Current params: n_estimators=100, learning_rate=0.1, max_depth=-1, num_leaves=63
2025-10-07 12:42:02,012 - experiment_fog_classification_basic_features - INFO - Current params: n_estimators=100, learning_rate=0.1, max_depth=-1, num_leaves=127
2025-10-07 12:49:45,722 - experiment_fog_classification_basic_features - INFO - Current params: n_estimators=100, learning_rate=0.1, max_depth=10, num_leaves=31
2025-10-07 12:53:53,878 - experiment_fog_classification_basic_features - INFO - Current params: n_estimators=100, learning_rate=0.1, max_depth=10, num_leaves=63
2025-10-07 13:00:53,993 - experiment_fog_classification_basic_features - INFO - Current params: n_estimators=100, learning_rate=0.1, max_depth=10, num_leaves=127
2025-10-07 13:09:32,962 - experiment_fog_classification_basic_features - INFO - Current params: n_estimators=100, learning_rate=0.1, max_depth=20, num_leaves=31
2025-10-07 13:13:35,812 - experiment_fog_classification_basic_features - INFO - Current params: n_estimators=100, learning_rate=0.1, max_depth=20, num_leaves=63
2025-10-07 13:20:12,351 - experiment_fog_classification_basic_features - INFO - Current params: n_estimators=100, learning_rate=0.1, max_depth=20, num_leaves=127
2025-10-07 13:28:45,693 - experiment_fog_classification_basic_features - INFO - Current params: n_estimators=100, learning_rate=0.15, max_depth=-1, num_leaves=31
2025-10-07 13:32:01,925 - experiment_fog_classification_basic_features - INFO - Current params: n_estimators=100, learning_rate=0.15, max_depth=-1, num_leaves=63
2025-10-07 13:37:21,679 - experiment_fog_classification_basic_features - INFO - Current params: n_estimators=100, learning_rate=0.15, max_depth=-1, num_leaves=127
2025-10-07 13:45:05,997 - experiment_fog_classification_basic_features - INFO - Current params: n_estimators=100, learning_rate=0.15, max_depth=10, num_leaves=31
2025-10-07 13:48:14,467 - experiment_fog_classification_basic_features - INFO - Current params: n_estimators=100, learning_rate=0.15, max_depth=10, num_leaves=63
2025-10-07 13:52:53,713 - experiment_fog_classification_basic_features - INFO - Current params: n_estimators=100, learning_rate=0.15, max_depth=10, num_leaves=127
2025-10-07 14:01:51,371 - experiment_fog_classification_basic_features - INFO - Current params: n_estimators=100, learning_rate=0.15, max_depth=20, num_leaves=31
2025-10-07 14:05:13,116 - experiment_fog_classification_basic_features - INFO - Current params: n_estimators=100, learning_rate=0.15, max_depth=20, num_leaves=63
2025-10-07 14:09:48,421 - experiment_fog_classification_basic_features - INFO - Current params: n_estimators=100, learning_rate=0.15, max_depth=20, num_leaves=127
2025-10-07 14:17:55,327 - experiment_fog_classification_basic_features - INFO - Current params: n_estimators=200, learning_rate=0.05, max_depth=-1, num_leaves=31
2025-10-07 14:25:25,281 - experiment_fog_classification_basic_features - INFO - Current params: n_estimators=200, learning_rate=0.05, max_depth=-1, num_leaves=63
2025-10-07 14:37:52,655 - experiment_fog_classification_basic_features - INFO - Current params: n_estimators=200, learning_rate=0.05, max_depth=-1, num_leaves=127
2025-10-07 14:56:52,667 - experiment_fog_classification_basic_features - INFO - Current params: n_estimators=200, learning_rate=0.05, max_depth=10, num_leaves=31
2025-10-07 15:04:07,623 - experiment_fog_classification_basic_features - INFO - Current params: n_estimators=200, learning_rate=0.05, max_depth=10, num_leaves=63
2025-10-07 15:15:49,641 - experiment_fog_classification_basic_features - INFO - Current params: n_estimators=200, learning_rate=0.05, max_depth=10, num_leaves=127
2025-10-07 15:36:45,770 - experiment_fog_classification_basic_features - INFO - Current params: n_estimators=200, learning_rate=0.05, max_depth=20, num_leaves=31
2025-10-07 15:44:14,259 - experiment_fog_classification_basic_features - INFO - Current params: n_estimators=200, learning_rate=0.05, max_depth=20, num_leaves=63
2025-10-07 15:56:18,986 - experiment_fog_classification_basic_features - INFO - Current params: n_estimators=200, learning_rate=0.05, max_depth=20, num_leaves=127
2025-10-07 16:16:08,415 - experiment_fog_classification_basic_features - INFO - Current params: n_estimators=200, learning_rate=0.1, max_depth=-1, num_leaves=31
2025-10-07 16:22:16,807 - experiment_fog_classification_basic_features - INFO - Current params: n_estimators=200, learning_rate=0.1, max_depth=-1, num_leaves=63
2025-10-07 16:30:41,527 - experiment_fog_classification_basic_features - INFO - Current params: n_estimators=200, learning_rate=0.1, max_depth=-1, num_leaves=127
2025-10-07 16:45:15,333 - experiment_fog_classification_basic_features - INFO - Current params: n_estimators=200, learning_rate=0.1, max_depth=10, num_leaves=31
2025-10-07 16:51:45,058 - experiment_fog_classification_basic_features - INFO - Current params: n_estimators=200, learning_rate=0.1, max_depth=10, num_leaves=63
2025-10-07 17:00:02,097 - experiment_fog_classification_basic_features - INFO - Current params: n_estimators=200, learning_rate=0.1, max_depth=10, num_leaves=127
2025-10-07 17:14:41,943 - experiment_fog_classification_basic_features - INFO - Current params: n_estimators=200, learning_rate=0.1, max_depth=20, num_leaves=31
2025-10-07 17:21:38,760 - experiment_fog_classification_basic_features - INFO - Current params: n_estimators=200, learning_rate=0.1, max_depth=20, num_leaves=63
2025-10-07 17:30:20,113 - experiment_fog_classification_basic_features - INFO - Current params: n_estimators=200, learning_rate=0.1, max_depth=20, num_leaves=127
2025-10-07 17:43:03,149 - experiment_fog_classification_basic_features - INFO - Current params: n_estimators=200, learning_rate=0.15, max_depth=-1, num_leaves=31
2025-10-07 17:49:35,370 - experiment_fog_classification_basic_features - INFO - Current params: n_estimators=200, learning_rate=0.15, max_depth=-1, num_leaves=63
2025-10-07 17:58:01,816 - experiment_fog_classification_basic_features - INFO - Current params: n_estimators=200, learning_rate=0.15, max_depth=-1, num_leaves=127
2025-10-07 18:09:17,710 - experiment_fog_classification_basic_features - INFO - Current params: n_estimators=200, learning_rate=0.15, max_depth=10, num_leaves=31
2025-10-07 18:14:41,184 - experiment_fog_classification_basic_features - INFO - Current params: n_estimators=200, learning_rate=0.15, max_depth=10, num_leaves=63
2025-10-07 18:23:00,249 - experiment_fog_classification_basic_features - INFO - Current params: n_estimators=200, learning_rate=0.15, max_depth=10, num_leaves=127
2025-10-07 18:35:22,239 - experiment_fog_classification_basic_features - INFO - Current params: n_estimators=200, learning_rate=0.15, max_depth=20, num_leaves=31
2025-10-07 18:40:32,600 - experiment_fog_classification_basic_features - INFO - Current params: n_estimators=200, learning_rate=0.15, max_depth=20, num_leaves=63
2025-10-07 18:47:56,177 - experiment_fog_classification_basic_features - INFO - Current params: n_estimators=200, learning_rate=0.15, max_depth=20, num_leaves=127
2025-10-07 18:59:53,646 - experiment_fog_classification_basic_features - INFO - Current params: n_estimators=300, learning_rate=0.05, max_depth=-1, num_leaves=31
2025-10-07 19:09:35,422 - experiment_fog_classification_basic_features - INFO - Current params: n_estimators=300, learning_rate=0.05, max_depth=-1, num_leaves=63
2025-10-07 19:23:10,157 - experiment_fog_classification_basic_features - INFO - Current params: n_estimators=300, learning_rate=0.05, max_depth=-1, num_leaves=127
2025-10-07 19:43:32,514 - experiment_fog_classification_basic_features - INFO - Current params: n_estimators=300, learning_rate=0.05, max_depth=10, num_leaves=31
2025-10-07 19:54:49,609 - experiment_fog_classification_basic_features - INFO - Current params: n_estimators=300, learning_rate=0.05, max_depth=10, num_leaves=63
2025-10-07 20:11:40,842 - experiment_fog_classification_basic_features - INFO - Current params: n_estimators=300, learning_rate=0.05, max_depth=10, num_leaves=127
2025-10-07 20:35:52,122 - experiment_fog_classification_basic_features - INFO - Current params: n_estimators=300, learning_rate=0.05, max_depth=20, num_leaves=31
2025-10-07 20:47:38,252 - experiment_fog_classification_basic_features - INFO - Current params: n_estimators=300, learning_rate=0.05, max_depth=20, num_leaves=63
2025-10-07 21:04:08,179 - experiment_fog_classification_basic_features - INFO - Current params: n_estimators=300, learning_rate=0.05, max_depth=20, num_leaves=127
2025-10-07 21:26:39,145 - experiment_fog_classification_basic_features - INFO - Current params: n_estimators=300, learning_rate=0.1, max_depth=-1, num_leaves=31
2025-10-07 21:35:28,046 - experiment_fog_classification_basic_features - INFO - Current params: n_estimators=300, learning_rate=0.1, max_depth=-1, num_leaves=63
2025-10-07 21:48:55,472 - experiment_fog_classification_basic_features - INFO - Current params: n_estimators=300, learning_rate=0.1, max_depth=-1, num_leaves=127
2025-10-07 22:08:58,354 - experiment_fog_classification_basic_features - INFO - Current params: n_estimators=300, learning_rate=0.1, max_depth=10, num_leaves=31
2025-10-07 22:17:37,327 - experiment_fog_classification_basic_features - INFO - Current params: n_estimators=300, learning_rate=0.1, max_depth=10, num_leaves=63
2025-10-07 22:30:12,591 - experiment_fog_classification_basic_features - INFO - Current params: n_estimators=300, learning_rate=0.1, max_depth=10, num_leaves=127
2025-10-07 22:51:05,163 - experiment_fog_classification_basic_features - INFO - Current params: n_estimators=300, learning_rate=0.1, max_depth=20, num_leaves=31
2025-10-07 22:58:52,619 - experiment_fog_classification_basic_features - INFO - Current params: n_estimators=300, learning_rate=0.1, max_depth=20, num_leaves=63
2025-10-07 23:10:03,977 - experiment_fog_classification_basic_features - INFO - Current params: n_estimators=300, learning_rate=0.1, max_depth=20, num_leaves=127
2025-10-07 23:27:36,569 - experiment_fog_classification_basic_features - INFO - Current params: n_estimators=300, learning_rate=0.15, max_depth=-1, num_leaves=31
2025-10-07 23:35:24,379 - experiment_fog_classification_basic_features - INFO - Current params: n_estimators=300, learning_rate=0.15, max_depth=-1, num_leaves=63
2025-10-07 23:46:42,151 - experiment_fog_classification_basic_features - INFO - Current params: n_estimators=300, learning_rate=0.15, max_depth=-1, num_leaves=127
2025-10-08 00:05:19,895 - experiment_fog_classification_basic_features - INFO - Current params: n_estimators=300, learning_rate=0.15, max_depth=10, num_leaves=31
2025-10-08 00:12:44,139 - experiment_fog_classification_basic_features - INFO - Current params: n_estimators=300, learning_rate=0.15, max_depth=10, num_leaves=63
2025-10-08 00:24:16,919 - experiment_fog_classification_basic_features - INFO - Current params: n_estimators=300, learning_rate=0.15, max_depth=10, num_leaves=127
2025-10-08 00:43:08,289 - experiment_fog_classification_basic_features - INFO - Current params: n_estimators=300, learning_rate=0.15, max_depth=20, num_leaves=31
2025-10-08 00:50:20,756 - experiment_fog_classification_basic_features - INFO - Current params: n_estimators=300, learning_rate=0.15, max_depth=20, num_leaves=63
2025-10-08 00:59:58,088 - experiment_fog_classification_basic_features - INFO - Current params: n_estimators=300, learning_rate=0.15, max_depth=20, num_leaves=127
2025-10-08 01:16:05,502 - experiment_fog_classification_basic_features - INFO - Best LightGBM parameters: {'n_estimators': 100, 'learning_rate': 0.05, 'max_depth': -1, 'num_leaves': 127}
2025-10-08 01:16:05,504 - experiment_fog_classification_basic_features - INFO - Best CV score: 0.9855
2025-10-08 01:18:38,298 - experiment_fog_classification_basic_features - INFO - Model LightGBM evaluated - Accuracy: 0.9855, F1: 0.5738, AUC: 0.9857815411394594
2025-10-08 01:18:44,566 - experiment_fog_classification_basic_features - INFO - Model LightGBM evaluated - Accuracy: 0.9855, F1: 0.5747, AUC: 0.985322449098662
2025-10-08 01:18:56,594 - experiment_fog_classification_basic_features - INFO - Model LightGBM evaluated - Accuracy: 0.9855, F1: 0.5737, AUC: 0.9854235854469922
2025-10-08 01:18:58,643 - experiment_fog_classification_basic_features - INFO - Confusion matrix plot saved: /home/tsy/Documents/TeamM_Defog/kpro-dehaze/experiments/fog_classification_basic_features_20251007_112409/plots/LightGBM_confusion_matrix.png
2025-10-08 01:19:03,539 - experiment_fog_classification_basic_features - INFO - ROC curve plot saved: /home/tsy/Documents/TeamM_Defog/kpro-dehaze/experiments/fog_classification_basic_features_20251007_112409/plots/LightGBM_roc_curve.png
2025-10-08 01:19:06,094 - experiment_fog_classification_basic_features - INFO - PR curve plot saved: /home/tsy/Documents/TeamM_Defog/kpro-dehaze/experiments/fog_classification_basic_features_20251007_112409/plots/LightGBM_pr_curve.png
2025-10-08 01:19:06,107 - experiment_fog_classification_basic_features - INFO - Model LightGBM saved to /home/tsy/Documents/TeamM_Defog/kpro-dehaze/experiments/fog_classification_basic_features_20251007_112409/models/LightGBM_model.pkl
2025-10-08 01:19:06,107 - experiment_fog_classification_basic_features - INFO - Finished training LightGBM
2025-10-08 01:19:06,113 - experiment_fog_classification_basic_features - INFO - Results saved to /home/tsy/Documents/TeamM_Defog/kpro-dehaze/experiments/fog_classification_basic_features_20251007_112409/results/results_summary.csv
2025-10-08 01:19:06,394 - experiment_fog_classification_basic_features - INFO - Model comparison plot saved: /home/tsy/Documents/TeamM_Defog/kpro-dehaze/experiments/fog_classification_basic_features_20251007_112409/plots/model_comparison_accuracy.png
2025-10-08 01:19:06,661 - experiment_fog_classification_basic_features - INFO - Model comparison plot saved: /home/tsy/Documents/TeamM_Defog/kpro-dehaze/experiments/fog_classification_basic_features_20251007_112409/plots/model_comparison_f1.png
2025-10-08 01:19:06,986 - experiment_fog_classification_basic_features - INFO - Model comparison plot saved: /home/tsy/Documents/TeamM_Defog/kpro-dehaze/experiments/fog_classification_basic_features_20251007_112409/plots/model_comparison_auc.png
2025-10-08 01:19:06,988 - experiment_fog_classification_basic_features - ERROR - Failed to create experiment report: Invalid format specifier
2025-10-08 01:19:06,989 - experiment_fog_classification_basic_features - INFO - Experiment 'fog_classification_basic_features' finalized
2025-10-08 01:19:06,989 - experiment_fog_classification_basic_features - INFO - Results available in: /home/tsy/Documents/TeamM_Defog/kpro-dehaze/experiments/fog_classification_basic_features_20251007_112409
